<?xml version="1.0" encoding="UTF-8"?>
<testng-results skipped="0" failed="0" total="1" passed="1">
  <reporter-output>
  </reporter-output>
  <suite name="Default suite" duration-ms="17463" started-at="2016-05-25T02:00:08Z" finished-at="2016-05-25T02:00:26Z">
    <groups>
    </groups>
    <test name="Default test" duration-ms="17463" started-at="2016-05-25T02:00:08Z" finished-at="2016-05-25T02:00:26Z">
      <class name="com.ghtest.ngtests.NewTest1">
        <test-method status="PASS" signature="testCheckoutText()[pri:0, instance:com.ghtest.ngtests.NewTest1@4cc0edeb]" name="testCheckoutText" duration-ms="17419" started-at="2016-05-24T19:00:08Z" finished-at="2016-05-24T19:00:26Z">
          <reporter-output>
          </reporter-output>
        </test-method> <!-- testCheckoutText -->
      </class> <!-- com.ghtest.ngtests.NewTest1 -->
    </test> <!-- Default test -->
  </suite> <!-- Default suite -->
</testng-results>
